Flutter 3.44.6 • channel stable • https://github.com/flutter/flutter.git
Framework • revision ee80f08bbf (12 days ago) • 2026-07-08 15:02:06 -0700
Engine • hash d3a3293399556a85388faf8c6f0723a7a5597aa8 (revision 83675ed276) (20 days ago) • 2026-06-30 16:59:03.000Z
Tools • Dart 3.12.2 • DevTools 2.57.0
Dart SDK version: 3.12.2 (stable) (Tue Jun 9 01:11:39 2026 -0700) on "linux_x64"
Creating project work/seed...
Wrote 35 files.

All done!
You can find general documentation for Flutter at: https://docs.flutter.dev/
Detailed API documentation is available at: https://api.flutter.dev/
If you prefer video documentation, consider: https://www.youtube.com/c/flutterdev

In order to run your application, type:

  $ cd work/seed
  $ flutter run

Your application code is in work/seed/lib/main.dart.

Resolving dependencies...
Downloading packages...
+ async 2.13.1
+ boolean_selector 2.1.2
  characters 1.4.1 (from direct dependency to transitive dependency)
+ clock 1.1.2
  collection 1.19.1 (from direct dependency to transitive dependency)
+ cupertino_icons 1.0.9
+ fake_async 1.3.3
+ flutter 0.0.0 from sdk flutter
+ flutter_lints 4.0.0
+ flutter_test 0.0.0 from sdk flutter
+ leak_tracker 11.0.2
+ leak_tracker_flutter_testing 3.0.10
+ leak_tracker_testing 3.0.2
+ lints 4.0.0
+ matcher 0.12.19
  material_color_utilities 0.13.0 (from direct dependency to transitive dependency)
  meta 1.18.0 (from direct dependency to transitive dependency)
+ path 1.9.1
+ sky_engine 0.0.0 from sdk flutter
+ source_span 1.10.2
+ stack_trace 1.12.1
+ stream_channel 2.1.4
+ string_scanner 1.4.1
+ term_glyph 1.2.2
+ test_api 0.7.11
  vector_math 2.2.0 (from direct dependency to transitive dependency)
+ vm_service 15.2.0
Changed 27 dependencies!
Analyzing seed...                                               
No issues found! (ran in 7.5s)

✅ seed boots

🎉 1 test passed.
[1/1] Android SDK
  ├─ [1/6] android-arm-profile/linux-x64                           212ms
  ├─ [2/6] android-arm-release/linux-x64                           134ms
  ├─ [3/6] android-arm64-profile/linux-x64                         113ms
  ├─ [4/6] android-arm64-release/linux-x64                         128ms
  ├─ [5/6] android-x64-profile/linux-x64                            91ms
  └─ [6/6] android-x64-release/linux-x64                            94ms
Running Gradle task 'assembleRelease'...                        
Checking the license for package CMake 3.22.1 in /usr/local/lib/android/sdk/licenses
License for package CMake 3.22.1 accepted.
Preparing "Install CMake 3.22.1 v.3.22.1".
"Install CMake 3.22.1 v.3.22.1" ready.
Installing CMake 3.22.1 in /usr/local/lib/android/sdk/cmake/3.22.1
"Install CMake 3.22.1 v.3.22.1" complete.
"Install CMake 3.22.1 v.3.22.1" finished.
Font asset "MaterialIcons-Regular.otf" was tree-shaken, reducing it from 1645184 to 1096 bytes (99.9% reduction). Tree-shaking can be disabled by providing the --no-tree-shake-icons flag when building your app.
Running Gradle task 'assembleRelease'...                          176.6s
✓ Built build/app/outputs/flutter-apk/app-release.apk (14.9MB)
672c006b8aeae02cf03c8abee5d8a69a0c4967e86ea1abd7c8438f2c33249f74  work/r828c-flutter-slim.tar.zst
616690064
