Flutter 3.44.6 • channel stable • https://github.com/flutter/flutter.git
Framework • revision ee80f08bbf (12 days ago) • 2026-07-08 15:02:06 -0700
Engine • hash d3a3293399556a85388faf8c6f0723a7a5597aa8 (revision 83675ed276) (20 days ago) • 2026-06-30 16:59:03.000Z
Tools • Dart 3.12.2 • DevTools 2.57.0
Dart SDK version: 3.12.2 (stable) (Tue Jun 9 01:11:39 2026 -0700) on "linux_x64"
Creating project work/seed...
Wrote 35 files.

All done!
You can find general documentation for Flutter at: https://docs.flutter.dev/
Detailed API documentation is available at: https://api.flutter.dev/
If you prefer video documentation, consider: https://www.youtube.com/c/flutterdev

In order to run your application, type:

  $ cd work/seed
  $ flutter run

Your application code is in work/seed/lib/main.dart.

Resolving dependencies...
Downloading packages...
+ async 2.13.1
+ boolean_selector 2.1.2
  characters 1.4.1 (from direct dependency to transitive dependency)
+ clock 1.1.2
  collection 1.19.1 (from direct dependency to transitive dependency)
+ cupertino_icons 1.0.9
+ fake_async 1.3.3
+ flutter 0.0.0 from sdk flutter
+ flutter_lints 4.0.0
+ flutter_test 0.0.0 from sdk flutter
+ leak_tracker 11.0.2
+ leak_tracker_flutter_testing 3.0.10
+ leak_tracker_testing 3.0.2
+ lints 4.0.0
+ matcher 0.12.19
  material_color_utilities 0.13.0 (from direct dependency to transitive dependency)
  meta 1.18.0 (from direct dependency to transitive dependency)
+ path 1.9.1
+ sky_engine 0.0.0 from sdk flutter
+ source_span 1.10.2
+ stack_trace 1.12.1
+ stream_channel 2.1.4
+ string_scanner 1.4.1
+ term_glyph 1.2.2
+ test_api 0.7.11
  vector_math 2.2.0 (from direct dependency to transitive dependency)
+ vm_service 15.2.0
Changed 27 dependencies!
